Using pre-set license
Built from '2020.3/staging' branch; Version is '2020.3.11f1 (99c7afb366b3) revision 10078127'; Using compiler version '192528614'; Build Type 'Release'
OS: 'Windows 10 Enterprise LTSC 2019; OS build 17763.2300; Version 1809; 64bit' Language: 'ru' Physical Memory: 14334 MB
BatchMode: 1, IsHumanControllingUs: 0, StartBugReporterOnCrash: 0, Is64bit: 1, IsPro: 0

 COMMAND LINE ARGUMENTS:
C:\Program Files\Unity\Hub\Editor\2020.3.11f1\Editor\Unity.exe
-adb2
-batchMode
-noUpm
-name
AssetImportWorker0
-projectPath
D:/Unity/GenerationEnemiesLevel
-logFile
Logs/AssetImportWorker0.log
-srvPort
63654
Successfully changed project path to: D:/Unity/GenerationEnemiesLevel
D:/Unity/GenerationEnemiesLevel
Using Asset Import Pipeline V2.
Refreshing native plugins compatible for Editor in 44.71 ms, found 2 plugins.
Preloading 0 native plugins for Editor in 0.00 ms.
Initialize engine version: 2020.3.11f1 (99c7afb366b3)
[Subsystems] Discovering subsystems at path C:/Program Files/Unity/Hub/Editor/2020.3.11f1/Editor/Data/Resources/UnitySubsystems
[Subsystems] Discovering subsystems at path D:/Unity/GenerationEnemiesLevel/Assets
GfxDevice: creating device client; threaded=0
Direct3D:
    Version:  Direct3D 11.0 [level 11.1]
    Renderer: Radeon RX 580 Series (ID=0x67df)
    Vendor:   
    VRAM:     8171 MB
    Driver:   27.20.21003.8013
Initialize mono
Mono path[0] = 'C:/Program Files/Unity/Hub/Editor/2020.3.11f1/Editor/Data/Managed'
Mono path[1] = 'C:/Program Files/Unity/Hub/Editor/2020.3.11f1/Editor/Data/MonoBleedingEdge/lib/mono/unityjit'
Mono config path = 'C:/Program Files/Unity/Hub/Editor/2020.3.11f1/Editor/Data/MonoBleedingEdge/etc'
Using monoOptions --debugger-agent=transport=dt_socket,embedding=1,server=y,suspend=n,address=127.0.0.1:56544
Begin MonoManager ReloadAssembly
Registering precompiled unity dll's ...
Register platform support module: C:/Program Files/Unity/Hub/Editor/2020.3.11f1/Editor/Data/PlaybackEngines/WebGLSupport/UnityEditor.WebGL.Extensions.dll
Register platform support module: C:/Program Files/Unity/Hub/Editor/2020.3.11f1/Editor/Data/PlaybackEngines/WindowsStandaloneSupport/UnityEditor.WindowsStandalone.Extensions.dll
Registered in 0.002545 seconds.
Native extension for WindowsStandalone target not found
Native extension for WebGL target not found
Refreshing native plugins compatible for Editor in 42.79 ms, found 2 plugins.
Preloading 0 native plugins for Editor in 0.00 ms.
Mono: successfully reloaded assembly
- Completed reload, in  1.830 seconds
Platform modules already initialized, skipping
Registering precompiled user dll's ...
Registered in 0.003427 seconds.
Begin MonoManager ReloadAssembly
Native extension for WindowsStandalone target not found
Native extension for WebGL target not found
Refreshing native plugins compatible for Editor in 0.55 ms, found 2 plugins.
Preloading 0 native plugins for Editor in 0.00 ms.
Mono: successfully reloaded assembly
- Completed reload, in  1.606 seconds
Platform modules already initialized, skipping
========================================================================
Worker process is ready to serve import requests
Launched and connected shader compiler UnityShaderCompiler.exe after 0.05 seconds
Refreshing native plugins compatible for Editor in 0.51 ms, found 2 plugins.
Preloading 0 native plugins for Editor in 0.00 ms.
Unloading 1386 Unused Serialized files (Serialized files now loaded: 0)
System memory in use before: 64.6 MB.
System memory in use after: 64.7 MB.

Unloading 19 unused Assets to reduce memory usage. Loaded Objects now: 1819.
Total: 3.413400 ms (FindLiveObjects: 0.424900 ms CreateObjectMapping: 0.087800 ms MarkObjects: 2.772100 ms  DeleteObjects: 0.127000 ms)

========================================================================
Received Import Request.
  path: Assets/Scripts
  artifactKey: Guid(e0fbfe0cc1882c347b92bd5b87820637) Importer(815301076,1909f56bfc062723c751e8b465ee728b)
Start importing Assets/Scripts using Guid(e0fbfe0cc1882c347b92bd5b87820637) Importer(815301076,1909f56bfc062723c751e8b465ee728b)  -> (artifact id: 'bbe0c4bb547a2055d4c9e04ced588b94') in 0.005640 seconds
  Import took 0.008942 seconds .

========================================================================
Received Import Request.
  Time since last request: 7.202347 seconds.
  path: Assets/Scripts/Spawner.cs
  artifactKey: Guid(915d989749e369844aa9bbcd236c6af0) Importer(815301076,1909f56bfc062723c751e8b465ee728b)
Start importing Assets/Scripts/Spawner.cs using Guid(915d989749e369844aa9bbcd236c6af0) Importer(815301076,1909f56bfc062723c751e8b465ee728b)  -> (artifact id: '13fd664bd4e8f98fac0cee9201aad0fd') in 0.026090 seconds
  Import took 0.029524 seconds .

========================================================================
Received Prepare
Registering precompiled user dll's ...
Registered in 0.003372 seconds.
Begin MonoManager ReloadAssembly
Native extension for WindowsStandalone target not found
Native extension for WebGL target not found
Refreshing native plugins compatible for Editor in 0.52 ms, found 2 plugins.
Preloading 0 native plugins for Editor in 0.00 ms.
Mono: successfully reloaded assembly
- Completed reload, in  1.448 seconds
Platform modules already initialized, skipping
Refreshing native plugins compatible for Editor in 0.48 ms, found 2 plugins.
Preloading 0 native plugins for Editor in 0.00 ms.
Unloading 1382 Unused Serialized files (Serialized files now loaded: 0)
System memory in use before: 64.6 MB.
System memory in use after: 64.7 MB.

Unloading 14 unused Assets to reduce memory usage. Loaded Objects now: 1823.
Total: 3.310200 ms (FindLiveObjects: 0.405100 ms CreateObjectMapping: 0.081300 ms MarkObjects: 2.744800 ms  DeleteObjects: 0.077200 ms)

========================================================================
Received Prepare
Registering precompiled user dll's ...
Registered in 0.003786 seconds.
Begin MonoManager ReloadAssembly
Native extension for WindowsStandalone target not found
Native extension for WebGL target not found
Refreshing native plugins compatible for Editor in 0.67 ms, found 2 plugins.
Preloading 0 native plugins for Editor in 0.00 ms.
Mono: successfully reloaded assembly
- Completed reload, in  1.460 seconds
Platform modules already initialized, skipping
Refreshing native plugins compatible for Editor in 0.55 ms, found 2 plugins.
Preloading 0 native plugins for Editor in 0.00 ms.
Unloading 1382 Unused Serialized files (Serialized files now loaded: 0)
System memory in use before: 64.6 MB.
System memory in use after: 64.7 MB.

Unloading 14 unused Assets to reduce memory usage. Loaded Objects now: 1826.
Total: 3.534600 ms (FindLiveObjects: 0.392500 ms CreateObjectMapping: 0.080800 ms MarkObjects: 2.980100 ms  DeleteObjects: 0.079300 ms)

========================================================================
Received Import Request.
  Time since last request: 500.105788 seconds.
  path: Assets/Scripts/Spawner.cs
  artifactKey: Guid(915d989749e369844aa9bbcd236c6af0) Importer(815301076,1909f56bfc062723c751e8b465ee728b)
Start importing Assets/Scripts/Spawner.cs using Guid(915d989749e369844aa9bbcd236c6af0) Importer(815301076,1909f56bfc062723c751e8b465ee728b)  -> (artifact id: '62bc6a1d60121032988e891c3a4e50e2') in 0.007001 seconds
  Import took 0.010181 seconds .

========================================================================
Received Import Request.
  Time since last request: 33.604910 seconds.
  path: Assets/Prefabs
  artifactKey: Guid(324b4246affa1b6418f23b6ebc544370) Importer(815301076,1909f56bfc062723c751e8b465ee728b)
Start importing Assets/Prefabs using Guid(324b4246affa1b6418f23b6ebc544370) Importer(815301076,1909f56bfc062723c751e8b465ee728b)  -> (artifact id: '0731e5aae8934d48e1591133d017bf02') in 0.003801 seconds
  Import took 0.007214 seconds .

========================================================================
Received Import Request.
  Time since last request: 0.001375 seconds.
  path: Assets/Prefabs
  artifactKey: Guid(324b4246affa1b6418f23b6ebc544370) Importer(815301076,1909f56bfc062723c751e8b465ee728b)
Start importing Assets/Prefabs using Guid(324b4246affa1b6418f23b6ebc544370) Importer(815301076,1909f56bfc062723c751e8b465ee728b)  -> (artifact id: '0731e5aae8934d48e1591133d017bf02') in 0.002516 seconds
  Import took 0.006851 seconds .

========================================================================
Received Import Request.
  Time since last request: 4.038302 seconds.
  path: Assets/Prefabs/Enemy.prefab
  artifactKey: Guid(f61ed691b997c0542946fb14a6d2c42a) Importer(815301076,1909f56bfc062723c751e8b465ee728b)
Start importing Assets/Prefabs/Enemy.prefab using Guid(f61ed691b997c0542946fb14a6d2c42a) Importer(815301076,1909f56bfc062723c751e8b465ee728b)  -> (artifact id: '282d60397ec80466d7c45b02808ab47f') in 0.133106 seconds
  Import took 0.136795 seconds .

========================================================================
Received Prepare
Registering precompiled user dll's ...
Registered in 0.004227 seconds.
Begin MonoManager ReloadAssembly
Native extension for WindowsStandalone target not found
Native extension for WebGL target not found
Refreshing native plugins compatible for Editor in 0.54 ms, found 2 plugins.
Preloading 0 native plugins for Editor in 0.00 ms.
Mono: successfully reloaded assembly
- Completed reload, in  1.440 seconds
Platform modules already initialized, skipping
Refreshing native plugins compatible for Editor in 0.52 ms, found 2 plugins.
Preloading 0 native plugins for Editor in 0.00 ms.
Unloading 1382 Unused Serialized files (Serialized files now loaded: 0)
System memory in use before: 67.8 MB.
System memory in use after: 67.9 MB.

Unloading 15 unused Assets to reduce memory usage. Loaded Objects now: 1837.
Total: 5.131700 ms (FindLiveObjects: 0.412800 ms CreateObjectMapping: 0.082000 ms MarkObjects: 4.527700 ms  DeleteObjects: 0.107500 ms)

========================================================================
Received Prepare
Registering precompiled user dll's ...
Registered in 0.003793 seconds.
Begin MonoManager ReloadAssembly
Native extension for WindowsStandalone target not found
Native extension for WebGL target not found
Refreshing native plugins compatible for Editor in 0.54 ms, found 2 plugins.
Preloading 0 native plugins for Editor in 0.00 ms.
Mono: successfully reloaded assembly
- Completed reload, in  1.543 seconds
Platform modules already initialized, skipping
Refreshing native plugins compatible for Editor in 0.56 ms, found 2 plugins.
Preloading 0 native plugins for Editor in 0.00 ms.
Unloading 1382 Unused Serialized files (Serialized files now loaded: 0)
System memory in use before: 67.8 MB.
System memory in use after: 67.9 MB.

Unloading 14 unused Assets to reduce memory usage. Loaded Objects now: 1840.
Total: 3.683000 ms (FindLiveObjects: 0.372700 ms CreateObjectMapping: 0.078500 ms MarkObjects: 3.155100 ms  DeleteObjects: 0.074900 ms)

========================================================================
Received Import Request.
  Time since last request: 639.119807 seconds.
  path: Assets/Prefabs/Enemy.prefab
  artifactKey: Guid(f61ed691b997c0542946fb14a6d2c42a) Importer(815301076,1909f56bfc062723c751e8b465ee728b)
Start importing Assets/Prefabs/Enemy.prefab using Guid(f61ed691b997c0542946fb14a6d2c42a) Importer(815301076,1909f56bfc062723c751e8b465ee728b)  -> (artifact id: 'fa2bb42e2acd84e3b8bd9ce931d32dfe') in 0.087582 seconds
  Import took 0.091375 seconds .

========================================================================
Received Import Request.
  Time since last request: 26.383941 seconds.
  path: Assets/Prefabs/Enemy.prefab
  artifactKey: Guid(f61ed691b997c0542946fb14a6d2c42a) Importer(815301076,1909f56bfc062723c751e8b465ee728b)
Start importing Assets/Prefabs/Enemy.prefab using Guid(f61ed691b997c0542946fb14a6d2c42a) Importer(815301076,1909f56bfc062723c751e8b465ee728b)  -> (artifact id: '1ba304ee5f32092654bad41b8823aacb') in 0.012106 seconds
  Import took 0.015849 seconds .

========================================================================
Received Prepare
Registering precompiled user dll's ...
Registered in 0.003844 seconds.
Begin MonoManager ReloadAssembly
Native extension for WindowsStandalone target not found
Native extension for WebGL target not found
Refreshing native plugins compatible for Editor in 0.54 ms, found 2 plugins.
Preloading 0 native plugins for Editor in 0.00 ms.
Mono: successfully reloaded assembly
- Completed reload, in  1.501 seconds
Platform modules already initialized, skipping
Refreshing native plugins compatible for Editor in 0.52 ms, found 2 plugins.
Preloading 0 native plugins for Editor in 0.00 ms.
Unloading 1382 Unused Serialized files (Serialized files now loaded: 0)
System memory in use before: 67.8 MB.
System memory in use after: 67.9 MB.

Unloading 14 unused Assets to reduce memory usage. Loaded Objects now: 1844.
Total: 3.427400 ms (FindLiveObjects: 0.386000 ms CreateObjectMapping: 0.078200 ms MarkObjects: 2.881600 ms  DeleteObjects: 0.079600 ms)

========================================================================
Received Import Request.
  Time since last request: 126.818125 seconds.
  path: Assets/Materials
  artifactKey: Guid(bf8b0bcbc978d9c4ab3d8715b7cb14f9) Importer(815301076,1909f56bfc062723c751e8b465ee728b)
Start importing Assets/Materials using Guid(bf8b0bcbc978d9c4ab3d8715b7cb14f9) Importer(815301076,1909f56bfc062723c751e8b465ee728b)  -> (artifact id: '5fa8e707a57e8c797da45c78e75703de') in 0.012790 seconds
  Import took 0.019316 seconds .

========================================================================
Received Prepare
Registering precompiled user dll's ...
Registered in 0.003959 seconds.
Begin MonoManager ReloadAssembly
Native extension for WindowsStandalone target not found
Native extension for WebGL target not found
Refreshing native plugins compatible for Editor in 0.52 ms, found 2 plugins.
Preloading 0 native plugins for Editor in 0.00 ms.
Mono: successfully reloaded assembly
- Completed reload, in  1.442 seconds
Platform modules already initialized, skipping
Refreshing native plugins compatible for Editor in 0.49 ms, found 2 plugins.
Preloading 0 native plugins for Editor in 0.00 ms.
Unloading 1382 Unused Serialized files (Serialized files now loaded: 0)
System memory in use before: 67.8 MB.
System memory in use after: 67.9 MB.

Unloading 14 unused Assets to reduce memory usage. Loaded Objects now: 1847.
Total: 3.408600 ms (FindLiveObjects: 0.365800 ms CreateObjectMapping: 0.079200 ms MarkObjects: 2.876500 ms  DeleteObjects: 0.084900 ms)

========================================================================
Received Prepare
Registering precompiled user dll's ...
Registered in 0.003768 seconds.
Begin MonoManager ReloadAssembly
Native extension for WindowsStandalone target not found
Native extension for WebGL target not found
Refreshing native plugins compatible for Editor in 0.55 ms, found 2 plugins.
Preloading 0 native plugins for Editor in 0.00 ms.
Mono: successfully reloaded assembly
- Completed reload, in  1.500 seconds
Platform modules already initialized, skipping
Refreshing native plugins compatible for Editor in 0.57 ms, found 2 plugins.
Preloading 0 native plugins for Editor in 0.00 ms.
Unloading 1382 Unused Serialized files (Serialized files now loaded: 0)
System memory in use before: 67.8 MB.
System memory in use after: 67.9 MB.

Unloading 14 unused Assets to reduce memory usage. Loaded Objects now: 1850.
Total: 3.564200 ms (FindLiveObjects: 0.391900 ms CreateObjectMapping: 0.078800 ms MarkObjects: 3.002900 ms  DeleteObjects: 0.088700 ms)

========================================================================
Received Prepare
Registering precompiled user dll's ...
Registered in 0.003387 seconds.
Begin MonoManager ReloadAssembly
Native extension for WindowsStandalone target not found
Native extension for WebGL target not found
Refreshing native plugins compatible for Editor in 0.54 ms, found 2 plugins.
Preloading 0 native plugins for Editor in 0.00 ms.
Mono: successfully reloaded assembly
- Completed reload, in  1.442 seconds
Platform modules already initialized, skipping
Refreshing native plugins compatible for Editor in 0.61 ms, found 2 plugins.
Preloading 0 native plugins for Editor in 0.00 ms.
Unloading 1382 Unused Serialized files (Serialized files now loaded: 0)
System memory in use before: 67.8 MB.
System memory in use after: 67.9 MB.

Unloading 14 unused Assets to reduce memory usage. Loaded Objects now: 1853.
Total: 3.447100 ms (FindLiveObjects: 0.397200 ms CreateObjectMapping: 0.079100 ms MarkObjects: 2.889400 ms  DeleteObjects: 0.079600 ms)

========================================================================
Received Prepare
Registering precompiled user dll's ...
Registered in 0.004044 seconds.
Begin MonoManager ReloadAssembly
Native extension for WindowsStandalone target not found
Native extension for WebGL target not found
Refreshing native plugins compatible for Editor in 0.72 ms, found 5 plugins.
Preloading 0 native plugins for Editor in 0.00 ms.
Mono: successfully reloaded assembly
- Completed reload, in  1.601 seconds
Platform modules already initialized, skipping
Refreshing native plugins compatible for Editor in 0.68 ms, found 5 plugins.
Preloading 0 native plugins for Editor in 0.00 ms.
Unloading 1525 Unused Serialized files (Serialized files now loaded: 0)
System memory in use before: 72.3 MB.
System memory in use after: 72.1 MB.

Unloading 27 unused Assets to reduce memory usage. Loaded Objects now: 1986.
Total: 3.985200 ms (FindLiveObjects: 0.431300 ms CreateObjectMapping: 0.087300 ms MarkObjects: 3.223700 ms  DeleteObjects: 0.240900 ms)

========================================================================
Received Prepare
Registering precompiled user dll's ...
Registered in 0.004564 seconds.
Begin MonoManager ReloadAssembly
Native extension for WindowsStandalone target not found
Native extension for WebGL target not found
Refreshing native plugins compatible for Editor in 0.68 ms, found 5 plugins.
Preloading 0 native plugins for Editor in 0.00 ms.
Mono: successfully reloaded assembly
- Completed reload, in  1.561 seconds
Platform modules already initialized, skipping
Refreshing native plugins compatible for Editor in 0.73 ms, found 5 plugins.
Preloading 0 native plugins for Editor in 0.00 ms.
Unloading 1525 Unused Serialized files (Serialized files now loaded: 0)
System memory in use before: 72.3 MB.
System memory in use after: 72.1 MB.

Unloading 27 unused Assets to reduce memory usage. Loaded Objects now: 1989.
Total: 4.405200 ms (FindLiveObjects: 0.459900 ms CreateObjectMapping: 0.088300 ms MarkObjects: 3.590900 ms  DeleteObjects: 0.264000 ms)

